This is XeTeX, Version 3.141592653-2.6-0.999996 (TeX Live 2024) (preloaded format=xelatex 2024.9.10)  19 NOV 2024 22:06
entering extended mode
 restricted \write18 enabled.
 %&-line parsing enabled.
**index.tex
(./index.tex
LaTeX2e <2023-11-01> patch level 1
L3 programming layer <2024-02-20>
(/usr/sms/share/TeXLive/2024/texmf-dist/tex/latex/koma-script/scrreprt.cls
Document Class: scrreprt 2023/07/07 v3.41 KOMA-Script document class (report)
(/usr/sms/share/TeXLive/2024/texmf-dist/tex/latex/koma-script/scrkbase.sty
Package: scrkbase 2023/07/07 v3.41 KOMA-Script package (KOMA-Script-dependent b
asics and keyval usage)
(/usr/sms/share/TeXLive/2024/texmf-dist/tex/latex/koma-script/scrbase.sty
Package: scrbase 2023/07/07 v3.41 KOMA-Script package (KOMA-Script-independent 
basics and keyval usage)
(/usr/sms/share/TeXLive/2024/texmf-dist/tex/latex/koma-script/scrlfile.sty
Package: scrlfile 2023/07/07 v3.41 KOMA-Script package (file load hooks)

(/usr/sms/share/TeXLive/2024/texmf-dist/tex/latex/koma-script/scrlfile-hook.sty
Package: scrlfile-hook 2023/07/07 v3.41 KOMA-Script package (using LaTeX hooks)

(/usr/sms/share/TeXLive/2024/texmf-dist/tex/latex/koma-script/scrlogo.sty
Package: scrlogo 2023/07/07 v3.41 KOMA-Script package (logo)
))) (/usr/sms/share/TeXLive/2024/texmf-dist/tex/latex/graphics/keyval.sty
Package: keyval 2022/05/29 v1.15 key=value parser (DPC)
\KV@toks@=\toks17
)
Applying: [2021/05/01] Usage of raw or classic option list on input line 252.
Already applied: [0000/00/00] Usage of raw or classic option list on input line
 368.
)) (/usr/sms/share/TeXLive/2024/texmf-dist/tex/latex/koma-script/tocbasic.sty
Package: tocbasic 2023/07/07 v3.41 KOMA-Script package (handling toc-files)
\scr@dte@tocline@numberwidth=\skip48
\scr@dte@tocline@numbox=\box51
)
Package tocbasic Info: omitting babel extension for `toc'
(tocbasic)             because of feature `nobabel' available
(tocbasic)             for `toc' on input line 135.
Class scrreprt Info: File `scrsize11pt.clo' used instead of
(scrreprt)           file `scrsize11.clo' to setup font sizes on input line 268
8.
(/usr/sms/share/TeXLive/2024/texmf-dist/tex/latex/koma-script/scrsize11pt.clo
File: scrsize11pt.clo 2023/07/07 v3.41 KOMA-Script font size class option (11pt
)
) (/usr/sms/share/TeXLive/2024/texmf-dist/tex/latex/koma-script/typearea.sty
Package: typearea 2023/07/07 v3.41 KOMA-Script package (type area)
\ta@bcor=\skip49
\ta@div=\count184
Package typearea Info: You've used standard option `letterpaper'.
(typearea)             This is correct!
(typearea)             Internally I'm using `paper=letter'.
(typearea)             If you'd like to set the option with \KOMAoptions,
(typearea)             you'd have to use `paper=letter' there
(typearea)             instead of `letterpaper', too.
\ta@hblk=\skip50
\ta@vblk=\skip51
\ta@temp=\skip52
\footheight=\skip53
Package typearea Info: These are the values describing the layout:
(typearea)             DIV  = 11
(typearea)             BCOR = 0.0pt
(typearea)             \paperwidth      = 614.295pt
(typearea)              \textwidth      = 446.76004pt
(typearea)              DIV departure   = -14%
(typearea)              \evensidemargin = 11.49748pt
(typearea)              \oddsidemargin  = 11.49748pt
(typearea)             \paperheight     = 794.96999pt
(typearea)              \textheight     = 582.20026pt
(typearea)              \topmargin      = -37.40001pt
(typearea)              \headheight     = 17.0pt
(typearea)              \headsep        = 20.40001pt
(typearea)              \topskip        = 11.0pt
(typearea)              \footskip       = 47.6pt
(typearea)              \baselineskip   = 13.6pt
(typearea)              on input line 1799.
)
\c@part=\count185
\c@chapter=\count186
\c@section=\count187
\c@subsection=\count188
\c@subsubsection=\count189
\c@paragraph=\count190
\c@subparagraph=\count191
\scr@dte@chapter@maxnumwidth=\skip54
Class scrreprt Info: using compatibility default `afterindent=bysign'
(scrreprt)           for `\chapter on input line 5994.
\scr@dte@section@maxnumwidth=\skip55
Class scrreprt Info: using compatibility default `runin=bysign'
(scrreprt)           for `\section on input line 6005.
Class scrreprt Info: using compatibility default `afterindent=bysign'
(scrreprt)           for `\section on input line 6005.
\scr@dte@part@maxnumwidth=\skip56
Class scrreprt Info: using compatibility default `afterindent=true'
(scrreprt)           for `\part on input line 6014.
\scr@dte@subsection@maxnumwidth=\skip57
Class scrreprt Info: using compatibility default `runin=bysign'
(scrreprt)           for `\subsection on input line 6024.
Class scrreprt Info: using compatibility default `afterindent=bysign'
(scrreprt)           for `\subsection on input line 6024.
\scr@dte@subsubsection@maxnumwidth=\skip58
Class scrreprt Info: using compatibility default `runin=bysign'
(scrreprt)           for `\subsubsection on input line 6034.
Class scrreprt Info: using compatibility default `afterindent=bysign'
(scrreprt)           for `\subsubsection on input line 6034.
\scr@dte@paragraph@maxnumwidth=\skip59
Class scrreprt Info: using compatibility default `runin=bysign'
(scrreprt)           for `\paragraph on input line 6045.
Class scrreprt Info: using compatibility default `afterindent=bysign'
(scrreprt)           for `\paragraph on input line 6045.
\scr@dte@subparagraph@maxnumwidth=\skip60
Class scrreprt Info: using compatibility default `runin=bysign'
(scrreprt)           for `\subparagraph on input line 6055.
Class scrreprt Info: using compatibility default `afterindent=bysign'
(scrreprt)           for `\subparagraph on input line 6055.
\abovecaptionskip=\skip61
\belowcaptionskip=\skip62
\c@pti@nb@sid@b@x=\box52
Package tocbasic Info: omitting babel extension for `lof'
(tocbasic)             because of feature `nobabel' available
(tocbasic)             for `lof' on input line 7240.
\scr@dte@figure@maxnumwidth=\skip63
\c@figure=\count192
Package tocbasic Info: omitting babel extension for `lot'
(tocbasic)             because of feature `nobabel' available
(tocbasic)             for `lot' on input line 7257.
\scr@dte@table@maxnumwidth=\skip64
\c@table=\count193
Class scrreprt Info: Redefining `\numberline' on input line 7428.
\bibindent=\dimen140
) (/usr/sms/share/TeXLive/2024/texmf-dist/tex/latex/amsmath/amsmath.sty
Package: amsmath 2023/05/13 v2.17o AMS math features
\@mathmargin=\skip65
For additional information on amsmath, use the `?' option.
(/usr/sms/share/TeXLive/2024/texmf-dist/tex/latex/amsmath/amstext.sty
Package: amstext 2021/08/26 v2.01 AMS text
(/usr/sms/share/TeXLive/2024/texmf-dist/tex/latex/amsmath/amsgen.sty
File: amsgen.sty 1999/11/30 v2.0 generic functions
\@emptytoks=\toks18
\ex@=\dimen141
)) (/usr/sms/share/TeXLive/2024/texmf-dist/tex/latex/amsmath/amsbsy.sty
Package: amsbsy 1999/11/29 v1.2d Bold Symbols
\pmbraise@=\dimen142
) (/usr/sms/share/TeXLive/2024/texmf-dist/tex/latex/amsmath/amsopn.sty
Package: amsopn 2022/04/08 v2.04 operator names
)
\inf@bad=\count194
LaTeX Info: Redefining \frac on input line 234.
\uproot@=\count195
\leftroot@=\count196
LaTeX Info: Redefining \overline on input line 399.
LaTeX Info: Redefining \colon on input line 410.
\classnum@=\count197
\DOTSCASE@=\count198
LaTeX Info: Redefining \ldots on input line 496.
LaTeX Info: Redefining \dots on input line 499.
LaTeX Info: Redefining \cdots on input line 620.
\Mathstrutbox@=\box53
\strutbox@=\box54
LaTeX Info: Redefining \big on input line 722.
LaTeX Info: Redefining \Big on input line 723.
LaTeX Info: Redefining \bigg on input line 724.
LaTeX Info: Redefining \Bigg on input line 725.
\big@size=\dimen143
LaTeX Font Info:    Redeclaring font encoding OML on input line 743.
LaTeX Font Info:    Redeclaring font encoding OMS on input line 744.
\macc@depth=\count199
LaTeX Info: Redefining \bmod on input line 905.
LaTeX Info: Redefining \pmod on input line 910.
LaTeX Info: Redefining \smash on input line 940.
LaTeX Info: Redefining \relbar on input line 970.
LaTeX Info: Redefining \Relbar on input line 971.
\c@MaxMatrixCols=\count266
\dotsspace@=\muskip16
\c@parentequation=\count267
\dspbrk@lvl=\count268
\tag@help=\toks19
\row@=\count269
\column@=\count270
\maxfields@=\count271
\andhelp@=\toks20
\eqnshift@=\dimen144
\alignsep@=\dimen145
\tagshift@=\dimen146
\tagwidth@=\dimen147
\totwidth@=\dimen148
\lineht@=\dimen149
\@envbody=\toks21
\multlinegap=\skip66
\multlinetaggap=\skip67
\mathdisplay@stack=\toks22
LaTeX Info: Redefining \[ on input line 2953.
LaTeX Info: Redefining \] on input line 2954.
) (/usr/sms/share/TeXLive/2024/texmf-dist/tex/latex/amsfonts/amssymb.sty
Package: amssymb 2013/01/14 v3.01 AMS font symbols
(/usr/sms/share/TeXLive/2024/texmf-dist/tex/latex/amsfonts/amsfonts.sty
Package: amsfonts 2013/01/14 v3.01 Basic AMSFonts support
\symAMSa=\mathgroup4
\symAMSb=\mathgroup5
LaTeX Font Info:    Redeclaring math symbol \hbar on input line 98.
LaTeX Font Info:    Overwriting math alphabet `\mathfrak' in version `bold'
(Font)                  U/euf/m/n --> U/euf/b/n on input line 106.
)) (/usr/sms/share/TeXLive/2024/texmf-dist/tex/generic/iftex/iftex.sty
Package: iftex 2022/02/03 v1.0f TeX engine tests
)
(/usr/sms/share/TeXLive/2024/texmf-dist/tex/latex/unicode-math/unicode-math.sty
(/usr/sms/share/TeXLive/2024/texmf-dist/tex/latex/l3kernel/expl3.sty
Package: expl3 2024-02-20 L3 programming layer (loader) 

(/usr/sms/share/TeXLive/2024/texmf-dist/tex/latex/l3backend/l3backend-xetex.def
File: l3backend-xetex.def 2024-02-20 L3 backend support: XeTeX
\g__graphics_track_int=\count272
\l__pdf_internal_box=\box55
\g__pdf_backend_object_int=\count273
\g__pdf_backend_annotation_int=\count274
\g__pdf_backend_link_int=\count275
))
Package: unicode-math 2023/08/13 v0.8r Unicode maths in XeLaTeX and LuaLaTeX

(/usr/sms/share/TeXLive/2024/texmf-dist/tex/latex/unicode-math/unicode-math-xet
ex.sty
Package: unicode-math-xetex 2023/08/13 v0.8r Unicode maths in XeLaTeX and LuaLa
TeX
(/usr/sms/share/TeXLive/2024/texmf-dist/tex/latex/l3packages/xparse/xparse.sty
Package: xparse 2024-02-18 L3 Experimental document command parser
)
(/usr/sms/share/TeXLive/2024/texmf-dist/tex/latex/l3packages/l3keys2e/l3keys2e.
sty
Package: l3keys2e 2024-02-18 LaTeX2e option processing using LaTeX3 keys
) (/usr/sms/share/TeXLive/2024/texmf-dist/tex/latex/fontspec/fontspec.sty
Package: fontspec 2024/02/13 v2.9a Font selection for XeLaTeX and LuaLaTeX
(/usr/sms/share/TeXLive/2024/texmf-dist/tex/latex/fontspec/fontspec-xetex.sty
Package: fontspec-xetex 2024/02/13 v2.9a Font selection for XeLaTeX and LuaLaTe
X
\l__fontspec_script_int=\count276
\l__fontspec_language_int=\count277
\l__fontspec_strnum_int=\count278
\l__fontspec_tmp_int=\count279
\l__fontspec_tmpa_int=\count280
\l__fontspec_tmpb_int=\count281
\l__fontspec_tmpc_int=\count282
\l__fontspec_em_int=\count283
\l__fontspec_emdef_int=\count284
\l__fontspec_strong_int=\count285
\l__fontspec_strongdef_int=\count286
\l__fontspec_tmpa_dim=\dimen150
\l__fontspec_tmpb_dim=\dimen151
\l__fontspec_tmpc_dim=\dimen152
(/usr/sms/share/TeXLive/2024/texmf-dist/tex/latex/base/fontenc.sty
Package: fontenc 2021/04/29 v2.0v Standard LaTeX package
) (/usr/sms/share/TeXLive/2024/texmf-dist/tex/latex/fontspec/fontspec.cfg))) (/
usr/sms/share/TeXLive/2024/texmf-dist/tex/latex/base/fix-cm.sty
Package: fix-cm 2020/11/24 v1.1t fixes to LaTeX
(/usr/sms/share/TeXLive/2024/texmf-dist/tex/latex/base/ts1enc.def
File: ts1enc.def 2001/06/05 v3.0e (jk/car/fm) Standard LaTeX file
LaTeX Font Info:    Redeclaring font encoding TS1 on input line 47.
))
\g__um_fam_int=\count287
\g__um_fonts_used_int=\count288
\l__um_primecount_int=\count289
\g__um_primekern_muskip=\muskip17

(/usr/sms/share/TeXLive/2024/texmf-dist/tex/latex/unicode-math/unicode-math-tab
le.tex))) (/usr/sms/share/TeXLive/2024/texmf-dist/tex/latex/lm/lmodern.sty
Package: lmodern 2015/05/01 v1.6.1 Latin Modern Fonts
LaTeX Font Info:    Overwriting symbol font `operators' in version `normal'
(Font)                  OT1/cmr/m/n --> OT1/lmr/m/n on input line 22.
LaTeX Font Info:    Overwriting symbol font `letters' in version `normal'
(Font)                  OML/cmm/m/it --> OML/lmm/m/it on input line 23.
LaTeX Font Info:    Overwriting symbol font `symbols' in version `normal'
(Font)                  OMS/cmsy/m/n --> OMS/lmsy/m/n on input line 24.
LaTeX Font Info:    Overwriting symbol font `largesymbols' in version `normal'
(Font)                  OMX/cmex/m/n --> OMX/lmex/m/n on input line 25.
LaTeX Font Info:    Overwriting symbol font `operators' in version `bold'
(Font)                  OT1/cmr/bx/n --> OT1/lmr/bx/n on input line 26.
LaTeX Font Info:    Overwriting symbol font `letters' in version `bold'
(Font)                  OML/cmm/b/it --> OML/lmm/b/it on input line 27.
LaTeX Font Info:    Overwriting symbol font `symbols' in version `bold'
(Font)                  OMS/cmsy/b/n --> OMS/lmsy/b/n on input line 28.
LaTeX Font Info:    Overwriting symbol font `largesymbols' in version `bold'
(Font)                  OMX/cmex/m/n --> OMX/lmex/m/n on input line 29.
LaTeX Font Info:    Overwriting math alphabet `\mathbf' in version `normal'
(Font)                  OT1/cmr/bx/n --> OT1/lmr/bx/n on input line 31.
LaTeX Font Info:    Overwriting math alphabet `\mathsf' in version `normal'
(Font)                  OT1/cmss/m/n --> OT1/lmss/m/n on input line 32.
LaTeX Font Info:    Overwriting math alphabet `\mathit' in version `normal'
(Font)                  OT1/cmr/m/it --> OT1/lmr/m/it on input line 33.
LaTeX Font Info:    Overwriting math alphabet `\mathtt' in version `normal'
(Font)                  OT1/cmtt/m/n --> OT1/lmtt/m/n on input line 34.
LaTeX Font Info:    Overwriting math alphabet `\mathbf' in version `bold'
(Font)                  OT1/cmr/bx/n --> OT1/lmr/bx/n on input line 35.
LaTeX Font Info:    Overwriting math alphabet `\mathsf' in version `bold'
(Font)                  OT1/cmss/bx/n --> OT1/lmss/bx/n on input line 36.
LaTeX Font Info:    Overwriting math alphabet `\mathit' in version `bold'
(Font)                  OT1/cmr/bx/it --> OT1/lmr/bx/it on input line 37.
LaTeX Font Info:    Overwriting math alphabet `\mathtt' in version `bold'
(Font)                  OT1/cmtt/m/n --> OT1/lmtt/m/n on input line 38.
) (/usr/sms/share/TeXLive/2024/texmf-dist/tex/latex/upquote/upquote.sty
Package: upquote 2012/04/19 v1.3 upright-quote and grave-accent glyphs in verba
tim
(/usr/sms/share/TeXLive/2024/texmf-dist/tex/latex/base/textcomp.sty
Package: textcomp 2020/02/02 v2.0n Standard LaTeX package
)) (/usr/sms/share/TeXLive/2024/texmf-dist/tex/latex/microtype/microtype.sty
Package: microtype 2023/03/13 v3.1a Micro-typographical refinements (RS)
(/usr/sms/share/TeXLive/2024/texmf-dist/tex/latex/etoolbox/etoolbox.sty
Package: etoolbox 2020/10/05 v2.5k e-TeX tools for LaTeX (JAW)
\etb@tempcnta=\count290
)
\MT@toks=\toks23
\MT@tempbox=\box56
\MT@count=\count291
LaTeX Info: Redefining \noprotrusionifhmode on input line 1059.
LaTeX Info: Redefining \leftprotrusion on input line 1060.
\MT@prot@toks=\toks24
LaTeX Info: Redefining \rightprotrusion on input line 1078.
LaTeX Info: Redefining \textls on input line 1368.
\MT@outer@kern=\dimen153
LaTeX Info: Redefining \textmicrotypecontext on input line 1988.
\MT@listname@count=\count292

(/usr/sms/share/TeXLive/2024/texmf-dist/tex/latex/microtype/microtype-xetex.def
File: microtype-xetex.def 2023/03/13 v3.1a Definitions specific to xetex (RS)
LaTeX Info: Redefining \lsstyle on input line 238.
)
Package microtype Info: Loading configuration file microtype.cfg.
(/usr/sms/share/TeXLive/2024/texmf-dist/tex/latex/microtype/microtype.cfg
File: microtype.cfg 2023/03/13 v3.1a microtype main configuration file (RS)
)) (/usr/sms/share/TeXLive/2024/texmf-dist/tex/latex/xcolor/xcolor.sty
Package: xcolor 2023/11/15 v3.01 LaTeX color extensions (UK)
(/usr/sms/share/TeXLive/2024/texmf-dist/tex/latex/graphics-cfg/color.cfg
File: color.cfg 2016/01/02 v1.6 sample color configuration
)
Package xcolor Info: Driver file: xetex.def on input line 274.
(/usr/sms/share/TeXLive/2024/texmf-dist/tex/latex/graphics-def/xetex.def
File: xetex.def 2022/09/22 v5.0n Graphics/color driver for xetex
) (/usr/sms/share/TeXLive/2024/texmf-dist/tex/latex/graphics/mathcolor.ltx)
Package xcolor Info: Model `cmy' substituted by `cmy0' on input line 1350.
Package xcolor Info: Model `RGB' extended on input line 1366.
Package xcolor Info: Model `HTML' substituted by `rgb' on input line 1368.
Package xcolor Info: Model `Hsb' substituted by `hsb' on input line 1369.
Package xcolor Info: Model `tHsb' substituted by `hsb' on input line 1370.
Package xcolor Info: Model `HSB' substituted by `hsb' on input line 1371.
Package xcolor Info: Model `Gray' substituted by `gray' on input line 1372.
Package xcolor Info: Model `wave' substituted by `hsb' on input line 1373.
) (/usr/sms/share/TeXLive/2024/texmf-dist/tex/latex/graphics/dvipsnam.def
File: dvipsnam.def 2016/06/17 v3.0m Driver-dependent file (DPC,SPQR)
) (/usr/sms/share/TeXLive/2024/texmf-dist/tex/latex/xcolor/svgnam.def
File: svgnam.def 2023/11/15 v3.01 Predefined colors according to SVG 1.1 (UK)
) (/usr/sms/share/TeXLive/2024/texmf-dist/tex/latex/xcolor/x11nam.def
File: x11nam.def 2023/11/15 v3.01 Predefined colors according to Unix/X11 (UK)
) (/usr/sms/share/TeXLive/2024/texmf-dist/tex/latex/fancyvrb/fancyvrb.sty
Package: fancyvrb 2024/01/20 4.5c verbatim text (tvz,hv)
\FV@CodeLineNo=\count293
\FV@InFile=\read2
\FV@TabBox=\box57
\c@FancyVerbLine=\count294
\FV@StepNumber=\count295
\FV@OutFile=\write3
) (/usr/sms/share/TeXLive/2024/texmf-dist/tex/latex/framed/framed.sty
Package: framed 2011/10/22 v 0.96: framed or shaded text with page breaks
\OuterFrameSep=\skip68
\fb@frw=\dimen154
\fb@frh=\dimen155
\FrameRule=\dimen156
\FrameSep=\dimen157
) (/usr/sms/share/TeXLive/2024/texmf-dist/tex/latex/tools/longtable.sty
Package: longtable 2023-11-01 v4.19 Multi-page Table package (DPC)
\LTleft=\skip69
\LTright=\skip70
\LTpre=\skip71
\LTpost=\skip72
\LTchunksize=\count296
\LTcapwidth=\dimen158
\LT@head=\box58
\LT@firsthead=\box59
\LT@foot=\box60
\LT@lastfoot=\box61
\LT@gbox=\box62
\LT@cols=\count297
\LT@rows=\count298
\c@LT@tables=\count299
\c@LT@chunks=\count300
\LT@p@ftn=\toks25
)
Class scrreprt Info: longtable captions redefined on input line 112.
(/usr/sms/share/TeXLive/2024/texmf-dist/tex/latex/booktabs/booktabs.sty
Package: booktabs 2020/01/12 v1.61803398 Publication quality tables
\heavyrulewidth=\dimen159
\lightrulewidth=\dimen160
\cmidrulewidth=\dimen161
\belowrulesep=\dimen162
\belowbottomsep=\dimen163
\aboverulesep=\dimen164
\abovetopsep=\dimen165
\cmidrulesep=\dimen166
\cmidrulekern=\dimen167
\defaultaddspace=\dimen168
\@cmidla=\count301
\@cmidlb=\count302
\@aboverulesep=\dimen169
\@belowrulesep=\dimen170
\@thisruleclass=\count303
\@lastruleclass=\count304
\@thisrulewidth=\dimen171
) (/usr/sms/share/TeXLive/2024/texmf-dist/tex/latex/tools/array.sty
Package: array 2023/10/16 v2.5g Tabular extension package (FMi)
\col@sep=\dimen172
\ar@mcellbox=\box63
\extrarowheight=\dimen173
\NC@list=\toks26
\extratabsurround=\skip73
\backup@length=\skip74
\ar@cellbox=\box64
) (/usr/sms/share/TeXLive/2024/texmf-dist/tex/latex/tools/calc.sty
Package: calc 2023/07/08 v4.3 Infix arithmetic (KKT,FJ)
\calc@Acount=\count305
\calc@Bcount=\count306
\calc@Adimen=\dimen174
\calc@Bdimen=\dimen175
\calc@Askip=\skip75
\calc@Bskip=\skip76
LaTeX Info: Redefining \setlength on input line 80.
LaTeX Info: Redefining \addtolength on input line 81.
\calc@Ccount=\count307
\calc@Cskip=\skip77
)
(/usr/sms/share/TeXLive/2024/texmf-dist/tex/latex/footnotehyper/footnotehyper.s
ty
Package: footnotehyper 2021/08/13 v1.1e hyperref aware footnote.sty (JFB)
\FNH@notes=\box65
\FNH@width=\dimen176
\FNH@toks=\toks27
) (/usr/sms/share/TeXLive/2024/texmf-dist/tex/latex/graphics/graphicx.sty
Package: graphicx 2021/09/16 v1.2d Enhanced LaTeX Graphics (DPC,SPQR)
(/usr/sms/share/TeXLive/2024/texmf-dist/tex/latex/graphics/graphics.sty
Package: graphics 2022/03/10 v1.4e Standard LaTeX Graphics (DPC,SPQR)
(/usr/sms/share/TeXLive/2024/texmf-dist/tex/latex/graphics/trig.sty
Package: trig 2021/08/11 v1.11 sin cos tan (DPC)
) (/usr/sms/share/TeXLive/2024/texmf-dist/tex/latex/graphics-cfg/graphics.cfg
File: graphics.cfg 2016/06/04 v1.11 sample graphics configuration
)
Package graphics Info: Driver file: xetex.def on input line 107.
)
\Gin@req@height=\dimen177
\Gin@req@width=\dimen178
)
\pandoc@box=\box66
\cslhangindent=\skip78
\csllabelwidth=\skip79
(/usr/sms/share/TeXLive/2024/texmf-dist/tex/latex/bookmark/bookmark.sty
Package: bookmark 2023-12-10 v1.31 PDF bookmarks (HO)
(/usr/sms/share/TeXLive/2024/texmf-dist/tex/latex/hyperref/hyperref.sty
Package: hyperref 2024-01-20 v7.01h Hypertext links for LaTeX
(/usr/sms/share/TeXLive/2024/texmf-dist/tex/latex/kvsetkeys/kvsetkeys.sty
Package: kvsetkeys 2022-10-05 v1.19 Key value parser (HO)
)
(/usr/sms/share/TeXLive/2024/texmf-dist/tex/generic/kvdefinekeys/kvdefinekeys.s
ty
Package: kvdefinekeys 2019-12-19 v1.6 Define keys (HO)
) (/usr/sms/share/TeXLive/2024/texmf-dist/tex/generic/pdfescape/pdfescape.sty
Package: pdfescape 2019/12/09 v1.15 Implements pdfTeX's escape features (HO)
(/usr/sms/share/TeXLive/2024/texmf-dist/tex/generic/ltxcmds/ltxcmds.sty
Package: ltxcmds 2023-12-04 v1.26 LaTeX kernel commands for general use (HO)
) (/usr/sms/share/TeXLive/2024/texmf-dist/tex/generic/pdftexcmds/pdftexcmds.sty
Package: pdftexcmds 2020-06-27 v0.33 Utility functions of pdfTeX for LuaTeX (HO
)
(/usr/sms/share/TeXLive/2024/texmf-dist/tex/generic/infwarerr/infwarerr.sty
Package: infwarerr 2019/12/03 v1.5 Providing info/warning/error messages (HO)
)
Package pdftexcmds Info: \pdf@primitive is available.
Package pdftexcmds Info: \pdf@ifprimitive is available.
Package pdftexcmds Info: \pdfdraftmode not found.
)) (/usr/sms/share/TeXLive/2024/texmf-dist/tex/latex/hycolor/hycolor.sty
Package: hycolor 2020-01-27 v1.10 Color options for hyperref/bookmark (HO)
) (/usr/sms/share/TeXLive/2024/texmf-dist/tex/latex/auxhook/auxhook.sty
Package: auxhook 2019-12-17 v1.6 Hooks for auxiliary files (HO)
) (/usr/sms/share/TeXLive/2024/texmf-dist/tex/latex/hyperref/nameref.sty
Package: nameref 2023-11-26 v2.56 Cross-referencing by name of section
(/usr/sms/share/TeXLive/2024/texmf-dist/tex/latex/refcount/refcount.sty
Package: refcount 2019/12/15 v3.6 Data extraction from label references (HO)
)
(/usr/sms/share/TeXLive/2024/texmf-dist/tex/generic/gettitlestring/gettitlestri
ng.sty
Package: gettitlestring 2019/12/15 v1.6 Cleanup title references (HO)
(/usr/sms/share/TeXLive/2024/texmf-dist/tex/latex/kvoptions/kvoptions.sty
Package: kvoptions 2022-06-15 v3.15 Key value format for package options (HO)
))
\c@section@level=\count308
)
\@linkdim=\dimen179
\Hy@linkcounter=\count309
\Hy@pagecounter=\count310
(/usr/sms/share/TeXLive/2024/texmf-dist/tex/latex/hyperref/pd1enc.def
File: pd1enc.def 2024-01-20 v7.01h Hyperref: PDFDocEncoding definition (HO)
) (/usr/sms/share/TeXLive/2024/texmf-dist/tex/generic/intcalc/intcalc.sty
Package: intcalc 2019/12/15 v1.3 Expandable calculations with integers (HO)
)
\Hy@SavedSpaceFactor=\count311
(/usr/sms/share/TeXLive/2024/texmf-dist/tex/latex/hyperref/puenc.def
File: puenc.def 2024-01-20 v7.01h Hyperref: PDF Unicode definition (HO)
)
Package hyperref Info: Option `unicode' set `true' on input line 4062.
Package hyperref Info: Hyper figures OFF on input line 4179.
Package hyperref Info: Link nesting OFF on input line 4184.
Package hyperref Info: Hyper index ON on input line 4187.
Package hyperref Info: Plain pages OFF on input line 4194.
Package hyperref Info: Backreferencing OFF on input line 4199.
Package hyperref Info: Implicit mode ON; LaTeX internals redefined.
Package hyperref Info: Bookmarks ON on input line 4446.
\c@Hy@tempcnt=\count312
(/usr/sms/share/TeXLive/2024/texmf-dist/tex/latex/url/url.sty
\Urlmuskip=\muskip18
Package: url 2013/09/16  ver 3.4  Verb mode for urls, etc.
)
LaTeX Info: Redefining \url on input line 4784.
\XeTeXLinkMargin=\dimen180
(/usr/sms/share/TeXLive/2024/texmf-dist/tex/generic/bitset/bitset.sty
Package: bitset 2019/12/09 v1.3 Handle bit-vector datatype (HO)
(/usr/sms/share/TeXLive/2024/texmf-dist/tex/generic/bigintcalc/bigintcalc.sty
Package: bigintcalc 2019/12/15 v1.5 Expandable calculations on big integers (HO
)
))
\Fld@menulength=\count313
\Field@Width=\dimen181
\Fld@charsize=\dimen182
Package hyperref Info: Hyper figures OFF on input line 6063.
Package hyperref Info: Link nesting OFF on input line 6068.
Package hyperref Info: Hyper index ON on input line 6071.
Package hyperref Info: backreferencing OFF on input line 6078.
Package hyperref Info: Link coloring OFF on input line 6083.
Package hyperref Info: Link coloring with OCG OFF on input line 6088.
Package hyperref Info: PDF/A mode OFF on input line 6093.
(/usr/sms/share/TeXLive/2024/texmf-dist/tex/latex/base/atbegshi-ltx.sty
Package: atbegshi-ltx 2021/01/10 v1.0c Emulation of the original atbegshi
package with kernel methods
)
\Hy@abspage=\count314
\c@Item=\count315
\c@Hfootnote=\count316
)
Package hyperref Info: Driver (autodetected): hxetex.
(/usr/sms/share/TeXLive/2024/texmf-dist/tex/latex/hyperref/hxetex.def
File: hxetex.def 2024-01-20 v7.01h Hyperref driver for XeTeX
(/usr/sms/share/TeXLive/2024/texmf-dist/tex/generic/stringenc/stringenc.sty
Package: stringenc 2019/11/29 v1.12 Convert strings between diff. encodings (HO
)
)
\pdfm@box=\box67
\c@Hy@AnnotLevel=\count317
\HyField@AnnotCount=\count318
\Fld@listcount=\count319
\c@bookmark@seq@number=\count320

(/usr/sms/share/TeXLive/2024/texmf-dist/tex/latex/rerunfilecheck/rerunfilecheck
.sty
Package: rerunfilecheck 2022-07-10 v1.10 Rerun checks for auxiliary files (HO)
(/usr/sms/share/TeXLive/2024/texmf-dist/tex/latex/base/atveryend-ltx.sty
Package: atveryend-ltx 2020/08/19 v1.0a Emulation of the original atveryend pac
kage
with kernel methods
)
(/usr/sms/share/TeXLive/2024/texmf-dist/tex/generic/uniquecounter/uniquecounter
.sty
Package: uniquecounter 2019/12/15 v1.4 Provide unlimited unique counter (HO)
)
Package uniquecounter Info: New unique counter `rerunfilecheck' on input line 2
85.
)
\Hy@SectionHShift=\skip80
) (/usr/sms/share/TeXLive/2024/texmf-dist/tex/latex/bookmark/bkm-dvipdfm.def
File: bkm-dvipdfm.def 2023-12-10 v1.31 bookmark driver for dvipdfm (HO)
\BKM@id=\count321
)) (/usr/sms/share/TeXLive/2024/texmf-dist/tex/latex/caption/caption.sty
Package: caption 2023/08/05 v3.6o Customizing captions (AR)
(/usr/sms/share/TeXLive/2024/texmf-dist/tex/latex/caption/caption3.sty
Package: caption3 2023/07/31 v2.4d caption3 kernel (AR)
\caption@tempdima=\dimen183
\captionmargin=\dimen184
\caption@leftmargin=\dimen185
\caption@rightmargin=\dimen186
\caption@width=\dimen187
\caption@indent=\dimen188
\caption@parindent=\dimen189
\caption@hangindent=\dimen190
Package caption Info: KOMA-Script document class detected.
(/usr/sms/share/TeXLive/2024/texmf-dist/tex/latex/caption/caption-koma.sto
File: caption-koma.sto 2023/09/08 v2.0e Adaption of the caption package to the 
KOMA-Script document classes (AR)
))
\c@caption@flags=\count322
\c@continuedfloat=\count323
Package caption Info: hyperref package is loaded.
Package caption Info: longtable package is loaded.
(/usr/sms/share/TeXLive/2024/texmf-dist/tex/latex/caption/ltcaption.sty
Package: ltcaption 2021/01/08 v1.4c longtable captions (AR)
)
Package caption Info: KOMA-Script scrextend package detected.
\caption@addmargin@hsize=\dimen191
\caption@addmargin@linewidth=\dimen192
) (/usr/sms/share/TeXLive/2024/texmf-dist/tex/latex/float/float.sty
Package: float 2001/11/08 v1.3d Float enhancements (AL)
\c@float@type=\count324
\float@exts=\toks28
\float@box=\box68
\@float@everytoks=\toks29
\@floatcapt=\box69
)
\@float@every@codelisting=\toks30
\c@codelisting=\count325
(/usr/sms/share/TeXLive/2024/texmf-dist/tex/latex/caption/subcaption.sty
Package: subcaption 2023/07/28 v1.6b Sub-captions (AR)
Package caption Info: New subtype `subfigure' on input line 238.
\c@subfigure=\count326
Package caption Info: New subtype `subtable' on input line 238.
\c@subtable=\count327
) (/usr/sms/share/TeXLive/2024/texmf-dist/tex/latex/xurl/xurl.sty
Package: xurl 2022/01/09 v 0.10 modify URL breaks
)
Package hyperref Info: Option `colorlinks' set `true' on input line 228.
No file index.aux.
\openout1 = `index.aux'.

LaTeX Font Info:    Checking defaults for OML/cmm/m/it on input line 235.
LaTeX Font Info:    ... okay on input line 235.
LaTeX Font Info:    Checking defaults for OMS/cmsy/m/n on input line 235.
LaTeX Font Info:    ... okay on input line 235.
LaTeX Font Info:    Checking defaults for OT1/cmr/m/n on input line 235.
LaTeX Font Info:    ... okay on input line 235.
LaTeX Font Info:    Checking defaults for T1/cmr/m/n on input line 235.
LaTeX Font Info:    ... okay on input line 235.
LaTeX Font Info:    Checking defaults for TS1/cmr/m/n on input line 235.
LaTeX Font Info:    ... okay on input line 235.
LaTeX Font Info:    Checking defaults for TU/lmr/m/n on input line 235.
LaTeX Font Info:    ... okay on input line 235.
LaTeX Font Info:    Checking defaults for OMX/cmex/m/n on input line 235.
LaTeX Font Info:    ... okay on input line 235.
LaTeX Font Info:    Checking defaults for U/cmr/m/n on input line 235.
LaTeX Font Info:    ... okay on input line 235.
LaTeX Font Info:    Checking defaults for PD1/pdf/m/n on input line 235.
LaTeX Font Info:    ... okay on input line 235.
LaTeX Font Info:    Checking defaults for PU/pdf/m/n on input line 235.
LaTeX Font Info:    ... okay on input line 235.
Package scrbase Info: activating english \abstractname on input line 235.
Package scrbase Info: activating english \partname on input line 235.
Package scrbase Info: activating english \chaptername on input line 235.
Package scrbase Info: activating english \appendixname on input line 235.
Package scrbase Info: activating english \figurename on input line 235.
Package scrbase Info: activating english \tablename on input line 235.
Package scrbase Info: activating english \contentsname on input line 235.
Package scrbase Info: activating english \listfigurename on input line 235.
Package scrbase Info: activating english \listtablename on input line 235.
Package scrbase Info: activating english \bibname on input line 235.
Package scrbase Info: activating english \indexname on input line 235.
LaTeX Font Info:    Overwriting math alphabet `\mathrm' in version `normal'
(Font)                  OT1/lmr/m/n --> TU/lmr/m/n on input line 235.
LaTeX Font Info:    Overwriting math alphabet `\mathit' in version `normal'
(Font)                  OT1/lmr/m/it --> TU/lmr/m/it on input line 235.
LaTeX Font Info:    Overwriting math alphabet `\mathbf' in version `normal'
(Font)                  OT1/lmr/bx/n --> TU/lmr/bx/n on input line 235.
LaTeX Font Info:    Overwriting math alphabet `\mathsf' in version `normal'
(Font)                  OT1/lmss/m/n --> TU/lmss/m/n on input line 235.
LaTeX Font Info:    Overwriting math alphabet `\mathsf' in version `bold'
(Font)                  OT1/lmss/bx/n --> TU/lmss/bx/n on input line 235.
LaTeX Font Info:    Overwriting math alphabet `\mathtt' in version `normal'
(Font)                  OT1/lmtt/m/n --> TU/lmtt/m/n on input line 235.
LaTeX Font Info:    Overwriting math alphabet `\mathtt' in version `bold'
(Font)                  OT1/lmtt/m/n --> TU/lmtt/bx/n on input line 235.

Package fontspec Info: latinmodern-math scale = 0.9999967668407183.


Package fontspec Info: latinmodern-math scale = 0.9999967668407183.


Package fontspec Info: latinmodern-math scale = 0.9999967668407183.


Package fontspec Info: Font family 'latinmodern-math.otf(0)' created for font
(fontspec)             'latinmodern-math.otf' with options
(fontspec)             [Scale=MatchLowercase,BoldItalicFont={},ItalicFont={},Sm
allCapsFont={},Script=Math,BoldFont={latinmodern-math.otf}].
(fontspec)              
(fontspec)              This font family consists of the following NFSS
(fontspec)             series/shapes:
(fontspec)              
(fontspec)             - 'normal' (m/n) with NFSS spec.:
(fontspec)             <->s*[0.9999967668407183]"[latinmodern-math.otf]/OT:scri
pt=math;language=dflt;"
(fontspec)             - 'small caps'  (m/sc) with NFSS spec.: 
(fontspec)             - 'bold' (b/n) with NFSS spec.:
(fontspec)             <->s*[0.9999967668407183]"[latinmodern-math.otf]/OT:scri
pt=math;language=dflt;"
(fontspec)             - 'bold small caps'  (b/sc) with NFSS spec.: 

LaTeX Font Info:    Font shape `TU/latinmodern-math.otf(0)/m/n' will be
(Font)              scaled to size 10.95pt on input line 235.

Package fontspec Info: latinmodern-math scale = 0.9999967668407183.


Package fontspec Info: latinmodern-math scale = 0.9999967668407183.


Package fontspec Info: latinmodern-math scale = 0.9999967668407183.


Package fontspec Info: latinmodern-math scale = 0.9999967668407183.


Package fontspec Info: latinmodern-math scale = 0.9999967668407183.


Package fontspec Info: Font family 'latinmodern-math.otf(1)' created for font
(fontspec)             'latinmodern-math.otf' with options
(fontspec)             [Scale=MatchLowercase,BoldItalicFont={},ItalicFont={},Sm
allCapsFont={},Script=Math,SizeFeatures={{Size=9.3075-},{Size=6.57-9.3075,Font=
latinmodern-math.otf,Style=MathScript},{Size=-6.57,Font=latinmodern-math.otf,St
yle=MathScriptScript}},BoldFont={latinmodern-math.otf}].
(fontspec)              
(fontspec)              This font family consists of the following NFSS
(fontspec)             series/shapes:
(fontspec)              
(fontspec)             - 'normal' (m/n) with NFSS spec.:
(fontspec)             <9.3075->s*[0.9999967668407183]"[latinmodern-math.otf]/O
T:script=math;language=dflt;"<6.57-9.3075>s*[0.9999967668407183]"[latinmodern-m
ath.otf]/OT:script=math;language=dflt;+ssty=0;"<-6.57>s*[0.9999967668407183]"[l
atinmodern-math.otf]/OT:script=math;language=dflt;+ssty=1;"
(fontspec)             - 'small caps'  (m/sc) with NFSS spec.: 
(fontspec)             - 'bold' (b/n) with NFSS spec.:
(fontspec)             <->s*[0.9999967668407183]"[latinmodern-math.otf]/OT:scri
pt=math;language=dflt;"
(fontspec)             - 'bold small caps'  (b/sc) with NFSS spec.: 

LaTeX Font Info:    Font shape `TU/latinmodern-math.otf(1)/m/n' will be
(Font)              scaled to size 10.95pt on input line 235.
LaTeX Font Info:    Encoding `OT1' has changed to `TU' for symbol font
(Font)              `operators' in the math version `normal' on input line 235.

LaTeX Font Info:    Overwriting symbol font `operators' in version `normal'
(Font)                  OT1/lmr/m/n --> TU/latinmodern-math.otf(1)/m/n on input
 line 235.
LaTeX Font Info:    Encoding `OT1' has changed to `TU' for symbol font
(Font)              `operators' in the math version `bold' on input line 235.
LaTeX Font Info:    Overwriting symbol font `operators' in version `bold'
(Font)                  OT1/lmr/bx/n --> TU/latinmodern-math.otf(1)/b/n on inpu
t line 235.

Package fontspec Info: latinmodern-math scale = 0.9999967668407183.


Package fontspec Info: latinmodern-math scale = 1.000096766517402.


Package fontspec Info: latinmodern-math scale = 0.9999967668407183.


Package fontspec Info: latinmodern-math scale = 1.000096766517402.


Package fontspec Info: latinmodern-math scale = 0.9999967668407183.


Package fontspec Info: latinmodern-math scale = 1.000096766517402.


Package fontspec Info: latinmodern-math scale = 0.9999967668407183.


Package fontspec Info: latinmodern-math scale = 1.000096766517402.


Package fontspec Info: latinmodern-math scale = 0.9999967668407183.


Package fontspec Info: latinmodern-math scale = 1.000096766517402.


Package fontspec Info: Font family 'latinmodern-math.otf(2)' created for font
(fontspec)             'latinmodern-math.otf' with options
(fontspec)             [Scale=MatchLowercase,BoldItalicFont={},ItalicFont={},Sm
allCapsFont={},Script=Math,SizeFeatures={{Size=9.3075-},{Size=6.57-9.3075,Font=
latinmodern-math.otf,Style=MathScript},{Size=-6.57,Font=latinmodern-math.otf,St
yle=MathScriptScript}},BoldFont={latinmodern-math.otf},ScaleAgain=1.0001,FontAd
justment={\fontdimen
(fontspec)             8\font =7.41315pt\relax \fontdimen 9\font
(fontspec)             =4.3143pt\relax \fontdimen 10\font =4.8618pt\relax
(fontspec)             \fontdimen 11\font =7.5117pt\relax \fontdimen 12\font
(fontspec)             =3.77776pt\relax \fontdimen 13\font =3.97485pt\relax
(fontspec)             \fontdimen 14\font =3.97485pt\relax \fontdimen 15\font
(fontspec)             =3.16455pt\relax \fontdimen 16\font =2.70465pt\relax
(fontspec)             \fontdimen 17\font =2.70465pt\relax \fontdimen 18\font
(fontspec)             =2.7375pt\relax \fontdimen 19\font =2.19pt\relax
(fontspec)             \fontdimen 22\font =2.7375pt\relax \fontdimen 20\font
(fontspec)             =0pt\relax \fontdimen 21\font =0pt\relax }].
(fontspec)              
(fontspec)              This font family consists of the following NFSS
(fontspec)             series/shapes:
(fontspec)              
(fontspec)             - 'normal' (m/n) with NFSS spec.:
(fontspec)             <9.3075->s*[1.000096766517402]"[latinmodern-math.otf]/OT
:script=math;language=dflt;"<6.57-9.3075>s*[1.000096766517402]"[latinmodern-mat
h.otf]/OT:script=math;language=dflt;+ssty=0;"<-6.57>s*[1.000096766517402]"[lati
nmodern-math.otf]/OT:script=math;language=dflt;+ssty=1;"
(fontspec)             - 'small caps'  (m/sc) with NFSS spec.: 
(fontspec)             and font adjustment code:
(fontspec)             \fontdimen 8\font =7.41315pt\relax \fontdimen 9\font
(fontspec)             =4.3143pt\relax \fontdimen 10\font =4.8618pt\relax
(fontspec)             \fontdimen 11\font =7.5117pt\relax \fontdimen 12\font
(fontspec)             =3.77776pt\relax \fontdimen 13\font =3.97485pt\relax
(fontspec)             \fontdimen 14\font =3.97485pt\relax \fontdimen 15\font
(fontspec)             =3.16455pt\relax \fontdimen 16\font =2.70465pt\relax
(fontspec)             \fontdimen 17\font =2.70465pt\relax \fontdimen 18\font
(fontspec)             =2.7375pt\relax \fontdimen 19\font =2.19pt\relax
(fontspec)             \fontdimen 22\font =2.7375pt\relax \fontdimen 20\font
(fontspec)             =0pt\relax \fontdimen 21\font =0pt\relax 
(fontspec)             - 'bold' (b/n) with NFSS spec.:
(fontspec)             <->s*[1.000096766517402]"[latinmodern-math.otf]/OT:scrip
t=math;language=dflt;"
(fontspec)             - 'bold small caps'  (b/sc) with NFSS spec.: 
(fontspec)             and font adjustment code:
(fontspec)             \fontdimen 8\font =7.41315pt\relax \fontdimen 9\font
(fontspec)             =4.3143pt\relax \fontdimen 10\font =4.8618pt\relax
(fontspec)             \fontdimen 11\font =7.5117pt\relax \fontdimen 12\font
(fontspec)             =3.77776pt\relax \fontdimen 13\font =3.97485pt\relax
(fontspec)             \fontdimen 14\font =3.97485pt\relax \fontdimen 15\font
(fontspec)             =3.16455pt\relax \fontdimen 16\font =2.70465pt\relax
(fontspec)             \fontdimen 17\font =2.70465pt\relax \fontdimen 18\font
(fontspec)             =2.7375pt\relax \fontdimen 19\font =2.19pt\relax
(fontspec)             \fontdimen 22\font =2.7375pt\relax \fontdimen 20\font
(fontspec)             =0pt\relax \fontdimen 21\font =0pt\relax 

LaTeX Font Info:    Encoding `OMS' has changed to `TU' for symbol font
(Font)              `symbols' in the math version `normal' on input line 235.
LaTeX Font Info:    Overwriting symbol font `symbols' in version `normal'
(Font)                  OMS/lmsy/m/n --> TU/latinmodern-math.otf(2)/m/n on inpu
t line 235.
LaTeX Font Info:    Encoding `OMS' has changed to `TU' for symbol font
(Font)              `symbols' in the math version `bold' on input line 235.
LaTeX Font Info:    Overwriting symbol font `symbols' in version `bold'
(Font)                  OMS/lmsy/b/n --> TU/latinmodern-math.otf(2)/b/n on inpu
t line 235.

Package fontspec Info: latinmodern-math scale = 0.9999967668407183.


Package fontspec Info: latinmodern-math scale = 0.9998967671640342.


Package fontspec Info: latinmodern-math scale = 0.9999967668407183.


Package fontspec Info: latinmodern-math scale = 0.9998967671640342.


Package fontspec Info: latinmodern-math scale = 0.9999967668407183.


Package fontspec Info: latinmodern-math scale = 0.9998967671640342.


Package fontspec Info: latinmodern-math scale = 0.9999967668407183.


Package fontspec Info: latinmodern-math scale = 0.9998967671640342.


Package fontspec Info: latinmodern-math scale = 0.9999967668407183.


Package fontspec Info: latinmodern-math scale = 0.9998967671640342.


Package fontspec Info: Font family 'latinmodern-math.otf(3)' created for font
(fontspec)             'latinmodern-math.otf' with options
(fontspec)             [Scale=MatchLowercase,BoldItalicFont={},ItalicFont={},Sm
allCapsFont={},Script=Math,SizeFeatures={{Size=9.3075-},{Size=6.57-9.3075,Font=
latinmodern-math.otf,Style=MathScript},{Size=-6.57,Font=latinmodern-math.otf,St
yle=MathScriptScript}},BoldFont={latinmodern-math.otf},ScaleAgain=0.9999,FontAd
justment={\fontdimen
(fontspec)             8\font =0.438pt\relax \fontdimen 9\font =2.19pt\relax
(fontspec)             \fontdimen 10\font =1.82864pt\relax \fontdimen 11\font
(fontspec)             =1.21545pt\relax \fontdimen 12\font =6.56999pt\relax
(fontspec)             \fontdimen 13\font =0pt\relax }].
(fontspec)              
(fontspec)              This font family consists of the following NFSS
(fontspec)             series/shapes:
(fontspec)              
(fontspec)             - 'normal' (m/n) with NFSS spec.:
(fontspec)             <9.3075->s*[0.9998967671640342]"[latinmodern-math.otf]/O
T:script=math;language=dflt;"<6.57-9.3075>s*[0.9998967671640342]"[latinmodern-m
ath.otf]/OT:script=math;language=dflt;+ssty=0;"<-6.57>s*[0.9998967671640342]"[l
atinmodern-math.otf]/OT:script=math;language=dflt;+ssty=1;"
(fontspec)             - 'small caps'  (m/sc) with NFSS spec.: 
(fontspec)             and font adjustment code:
(fontspec)             \fontdimen 8\font =0.438pt\relax \fontdimen 9\font
(fontspec)             =2.19pt\relax \fontdimen 10\font =1.82864pt\relax
(fontspec)             \fontdimen 11\font =1.21545pt\relax \fontdimen 12\font
(fontspec)             =6.56999pt\relax \fontdimen 13\font =0pt\relax 
(fontspec)             - 'bold' (b/n) with NFSS spec.:
(fontspec)             <->s*[0.9998967671640342]"[latinmodern-math.otf]/OT:scri
pt=math;language=dflt;"
(fontspec)             - 'bold small caps'  (b/sc) with NFSS spec.: 
(fontspec)             and font adjustment code:
(fontspec)             \fontdimen 8\font =0.438pt\relax \fontdimen 9\font
(fontspec)             =2.19pt\relax \fontdimen 10\font =1.82864pt\relax
(fontspec)             \fontdimen 11\font =1.21545pt\relax \fontdimen 12\font
(fontspec)             =6.56999pt\relax \fontdimen 13\font =0pt\relax 

LaTeX Font Info:    Encoding `OMX' has changed to `TU' for symbol font
(Font)              `largesymbols' in the math version `normal' on input line 2
35.
LaTeX Font Info:    Overwriting symbol font `largesymbols' in version `normal'
(Font)                  OMX/lmex/m/n --> TU/latinmodern-math.otf(3)/m/n on inpu
t line 235.
LaTeX Font Info:    Encoding `OMX' has changed to `TU' for symbol font
(Font)              `largesymbols' in the math version `bold' on input line 235
.
LaTeX Font Info:    Overwriting symbol font `largesymbols' in version `bold'
(Font)                  OMX/lmex/m/n --> TU/latinmodern-math.otf(3)/b/n on inpu
t line 235.
LaTeX Info: Redefining \microtypecontext on input line 235.
Package microtype Info: Applying patch `item' on input line 235.
Package microtype Info: Applying patch `toc' on input line 235.
Package microtype Info: Applying patch `eqnum' on input line 235.
Package microtype Info: Applying patch `footnote' on input line 235.
Package microtype Info: Applying patch `verbatim' on input line 235.
Package microtype Info: Character protrusion enabled (level 2).
Package microtype Info: Using protrusion set `basicmath'.
Package microtype Info: No adjustment of tracking.
Package microtype Info: No adjustment of spacing.
Package microtype Info: No adjustment of kerning.

(/usr/sms/share/TeXLive/2024/texmf-dist/tex/latex/microtype/mt-LatinModernRoman
.cfg
File: mt-LatinModernRoman.cfg 2021/02/21 v1.1 microtype config. file: Latin Mod
ern Roman (RS)
)
Package hyperref Info: Link coloring ON on input line 235.

Package hyperref Warning: Rerun to get /PageLabels entry.

Package caption Info: Begin \AtBeginDocument code.
Package caption Info: float package is loaded.
Package caption Info: End \AtBeginDocument code.
Package microtype Info: Loading generic protrusion settings for font family
(microtype)             `lmss' (encoding: TU).
(microtype)             For optimal results, create family-specific settings.
(microtype)             See the microtype manual for details.
LaTeX Font Info:    Font shape `TU/latinmodern-math.otf(1)/m/n' will be
(Font)              scaled to size 14.4pt on input line 237.
LaTeX Font Info:    Font shape `TU/latinmodern-math.otf(1)/m/n' will be
(Font)              scaled to size 10.0pt on input line 237.
LaTeX Font Info:    Font shape `TU/latinmodern-math.otf(1)/m/n' will be
(Font)              scaled to size 7.0pt on input line 237.
LaTeX Font Info:    Trying to load font information for OML+lmm on input line 2
37.
(/usr/sms/share/TeXLive/2024/texmf-dist/tex/latex/lm/omllmm.fd
File: omllmm.fd 2015/05/01 v1.6.1 Font defs for Latin Modern
)
LaTeX Font Info:    Font shape `TU/latinmodern-math.otf(2)/m/n' will be
(Font)              scaled to size 14.4013pt on input line 237.
LaTeX Font Info:    Font shape `TU/latinmodern-math.otf(2)/m/n' will be
(Font)              scaled to size 10.00092pt on input line 237.
LaTeX Font Info:    Font shape `TU/latinmodern-math.otf(2)/m/n' will be
(Font)              scaled to size 7.00064pt on input line 237.
LaTeX Font Info:    Font shape `TU/latinmodern-math.otf(3)/m/n' will be
(Font)              scaled to size 14.39845pt on input line 237.
LaTeX Font Info:    Font shape `TU/latinmodern-math.otf(3)/m/n' will be
(Font)              scaled to size 9.99893pt on input line 237.
LaTeX Font Info:    Font shape `TU/latinmodern-math.otf(3)/m/n' will be
(Font)              scaled to size 6.99925pt on input line 237.
LaTeX Font Info:    Trying to load font information for U+msa on input line 237
.
(/usr/sms/share/TeXLive/2024/texmf-dist/tex/latex/amsfonts/umsa.fd
File: umsa.fd 2013/01/14 v3.01 AMS symbols A
) (/usr/sms/share/TeXLive/2024/texmf-dist/tex/latex/microtype/mt-msa.cfg
File: mt-msa.cfg 2006/02/04 v1.1 microtype config. file: AMS symbols (a) (RS)
)
LaTeX Font Info:    Trying to load font information for U+msb on input line 237
.
(/usr/sms/share/TeXLive/2024/texmf-dist/tex/latex/amsfonts/umsb.fd
File: umsb.fd 2013/01/14 v3.01 AMS symbols B
) (/usr/sms/share/TeXLive/2024/texmf-dist/tex/latex/microtype/mt-msb.cfg
File: mt-msb.cfg 2005/06/01 v1.0 microtype config. file: AMS symbols (b) (RS)
) [1



]
Package tocbasic Info: character protrusion at toc deactivated on input line 24
2.
No file index.toc.
\tf@toc=\write4
\openout4 = `index.toc'.

[2

] [3

] [4]
Underfull \hbox (badness 1484) in paragraph at lines 400--403
\TU/lmr/m/n/10.95 spatial analysis of in situ cytometry data in R.” Bioinformat
ics, 38(11), 3099–3105.
 []

[5]
Overfull \hbox (1.35902pt too wide) in paragraph at lines 471--472
 []\TU/lmr/m/n/10.95 Disease 
 []


Overfull \hbox (19.16373pt too wide) in paragraph at lines 473--474
 []\TU/lmr/m/n/10.95 Technology 
 []


Overfull \hbox (30.91307pt too wide) in paragraph at lines 477--478
 []\TU/lmr/m/n/10.95 Segmentation 
 []


Overfull \hbox (15.30931pt too wide) in paragraph at lines 479--480
 []\TU/lmr/m/n/10.95 Alignment 
 []


Overfull \hbox (15.49547pt too wide) in paragraph at lines 481--482
 []\TU/lmr/m/n/10.95 Clustering 
 []


Overfull \hbox (23.82841pt too wide) in paragraph at lines 483--484
 []\TU/lmr/m/n/10.95 Localisation 
 []


Overfull \hbox (57.80626pt too wide) in paragraph at lines 485--486
 []\TU/lmr/m/n/10.95 Microenvironments 
 []


Overfull \hbox (0.65822pt too wide) in paragraph at lines 487--488
 []\TU/lmr/m/n/10.95 Patient 
 []


Overfull \hbox (24.85773pt too wide) in paragraph at lines 494--494
 []|\TU/lmr/m/n/10.95 Keren_2018| 
 []


Overfull \hbox (26.24837pt too wide) in paragraph at lines 495--495
 []|\TU/lmr/m/n/10.95 Risom_2022| 
 []


Overfull \hbox (6.48363pt too wide) in paragraph at lines 496--496
 []|\TU/lmr/m/n/10.95 seqFISH| 
 []


Overfull \hbox (26.50021pt too wide) in paragraph at lines 496--496
 []|\TU/lmr/m/n/10.95 Lohoff_2022| 
 []

[6]
LaTeX Font Info:    Font shape `TU/latinmodern-math.otf(1)/m/n' will be
(Font)              scaled to size 7.665pt on input line 520.
LaTeX Font Info:    Font shape `TU/latinmodern-math.otf(1)/m/n' will be
(Font)              scaled to size 5.475pt on input line 520.
LaTeX Font Info:    Font shape `TU/latinmodern-math.otf(2)/m/n' will be
(Font)              scaled to size 10.95099pt on input line 520.
LaTeX Font Info:    Font shape `TU/latinmodern-math.otf(2)/m/n' will be
(Font)              scaled to size 7.66568pt on input line 520.
LaTeX Font Info:    Font shape `TU/latinmodern-math.otf(2)/m/n' will be
(Font)              scaled to size 5.4755pt on input line 520.
LaTeX Font Info:    Font shape `TU/latinmodern-math.otf(3)/m/n' will be
(Font)              scaled to size 10.94882pt on input line 520.
LaTeX Font Info:    Font shape `TU/latinmodern-math.otf(3)/m/n' will be
(Font)              scaled to size 7.66417pt on input line 520.
LaTeX Font Info:    Font shape `TU/latinmodern-math.otf(3)/m/n' will be
(Font)              scaled to size 5.47441pt on input line 520.
[7] [8]
Underfull \hbox (badness 1342) in paragraph at lines 607--610
[]\TU/lmr/m/n/10.95 Ali et al. (2020). Imaging mass cytometry and multiplatform
 genomics define the
 []

[9]
chapter 1.

Class scrreprt Warning: \float@addtolists detected!
(scrreprt)              Implementation of \float@addtolist became
(scrreprt)              deprecated in KOMA-Script v3.01 2008/11/14 and
(scrreprt)              has been replaced by several more flexible
(scrreprt)              features of package `tocbasic`.
(scrreprt)              Since Version 3.12 support for deprecated
(scrreprt)              \float@addtolist interface has been
(scrreprt)              restricted to only some of the KOMA-Script
(scrreprt)              features and been removed from others.
(scrreprt)              Loading of package `scrhack' may help to
(scrreprt)              avoid this warning, if you are using a
(scrreprt)              a package that still implements the
(scrreprt)              deprecated \float@addtolist interface.

LaTeX Font Info:    Font shape `TU/lmtt/bx/n' in size <10.95> not available
(Font)              Font shape `TU/lmtt/b/n' tried instead on input line 699.
[10

] [11] [12]
File: 01-processing_files/figure-pdf/visualise segmentation-1.pdf Graphic file 
(type pdf)
<use 01-processing_files/figure-pdf/visualise segmentation-1.pdf>
[13]
File: 01-processing_files/figure-pdf/unnamed-chunk-4-1.pdf Graphic file (type p
df)
<use 01-processing_files/figure-pdf/unnamed-chunk-4-1.pdf>
[14]
File: 01-processing_files/figure-pdf/unnamed-chunk-5-1.pdf Graphic file (type p
df)
<use 01-processing_files/figure-pdf/unnamed-chunk-5-1.pdf>
[15] [16]
Overfull \hbox (116.61734pt too wide) in paragraph at lines 1101--1101
[]\TU/lmtt/m/n/10.95 LAPACK: /usr/lib/x86_64-linux-gnu/openblas-pthread/libopen
blasp-r0.3.21.so;  LAPACK version 3.11.0[] 
 []

[17] [18] [19]
chapter 2.
[20

] [21] [22]
File: 02-quality_control_files/figure-pdf/unnamed-chunk-3-1.pdf Graphic file (t
ype pdf)
<use 02-quality_control_files/figure-pdf/unnamed-chunk-3-1.pdf>
[23] [24]
File: 02-quality_control_files/figure-pdf/unnamed-chunk-4-1.pdf Graphic file (t
ype pdf)
<use 02-quality_control_files/figure-pdf/unnamed-chunk-4-1.pdf>
[25]
File: 02-quality_control_files/figure-pdf/unnamed-chunk-6-1.pdf Graphic file (t
ype pdf)
<use 02-quality_control_files/figure-pdf/unnamed-chunk-6-1.pdf>
[26]
File: 02-quality_control_files/figure-pdf/unnamed-chunk-7-1.pdf Graphic file (t
ype pdf)
<use 02-quality_control_files/figure-pdf/unnamed-chunk-7-1.pdf>
[27]
Overfull \hbox (116.61734pt too wide) in paragraph at lines 1575--1575
[]\TU/lmtt/m/n/10.95 LAPACK: /usr/lib/x86_64-linux-gnu/openblas-pthread/libopen
blasp-r0.3.21.so;  LAPACK version 3.11.0[] 
 []

[28] [29] [30]
chapter 3.
LaTeX Font Info:    Font shape `TU/lmtt/bx/n' in size <12> not available
(Font)              Font shape `TU/lmtt/b/n' tried instead on input line 1634.
[31

] [32]
File: 03-cell_annotation_files/figure-pdf/unnamed-chunk-5-1.png Graphic file (t
ype bmp)
<03-cell_annotation_files/figure-pdf/unnamed-chunk-5-1.png>
[33]
Overfull \hbox (54.22433pt too wide) in paragraph at lines 1803--1806
[]\TU/lmr/m/n/10.95 We can estimate the number of clusters using the \TU/lmtt/m
/n/10.95 estimateNumCluster\TU/lmr/m/n/10.95 . Run \TU/lmtt/m/n/10.95 help(esti
mateNumCluster)
 []

[34]
File: 03-cell_annotation_files/figure-pdf/unnamed-chunk-7-1.pdf Graphic file (t
ype pdf)
<use 03-cell_annotation_files/figure-pdf/unnamed-chunk-7-1.pdf>
[35]
File: 03-cell_annotation_files/figure-pdf/unnamed-chunk-7-2.pdf Graphic file (t
ype pdf)
<use 03-cell_annotation_files/figure-pdf/unnamed-chunk-7-2.pdf>
[36]
File: 03-cell_annotation_files/figure-pdf/unnamed-chunk-7-3.pdf Graphic file (t
ype pdf)
<use 03-cell_annotation_files/figure-pdf/unnamed-chunk-7-3.pdf>
File: 03-cell_annotation_files/figure-pdf/unnamed-chunk-7-4.pdf Graphic file (t
ype pdf)
<use 03-cell_annotation_files/figure-pdf/unnamed-chunk-7-4.pdf>
[37]
File: 03-cell_annotation_files/figure-pdf/unnamed-chunk-7-5.pdf Graphic file (t
ype pdf)
<use 03-cell_annotation_files/figure-pdf/unnamed-chunk-7-5.pdf>
[38] [39]
File: 03-cell_annotation_files/figure-pdf/unnamed-chunk-10-1.pdf Graphic file (
type pdf)
<use 03-cell_annotation_files/figure-pdf/unnamed-chunk-10-1.pdf>
[40] [41]
File: 03-cell_annotation_files/figure-pdf/unnamed-chunk-12-1.png Graphic file (
type bmp)
<03-cell_annotation_files/figure-pdf/unnamed-chunk-12-1.png>
File: 03-cell_annotation_files/figure-pdf/unnamed-chunk-12-2.png Graphic file (
type bmp)
<03-cell_annotation_files/figure-pdf/unnamed-chunk-12-2.png>
[42]
File: 03-cell_annotation_files/figure-pdf/unnamed-chunk-12-3.png Graphic file (
type bmp)
<03-cell_annotation_files/figure-pdf/unnamed-chunk-12-3.png>
[43]
File: 03-cell_annotation_files/figure-pdf/unnamed-chunk-12-4.png Graphic file (
type bmp)
<03-cell_annotation_files/figure-pdf/unnamed-chunk-12-4.png>
[44]
File: 03-cell_annotation_files/figure-pdf/unnamed-chunk-12-5.png Graphic file (
type bmp)
<03-cell_annotation_files/figure-pdf/unnamed-chunk-12-5.png>
[45] [46]
Overfull \hbox (116.61734pt too wide) in paragraph at lines 2263--2263
[]\TU/lmtt/m/n/10.95 LAPACK: /usr/lib/x86_64-linux-gnu/openblas-pthread/libopen
blasp-r0.3.21.so;  LAPACK version 3.11.0[] 
 []

[47] [48]
chapter 4.
[49

] [50] [51] [52]
File: 04-cell_localisation_files/figure-pdf/unnamed-chunk-6-1.pdf Graphic file 
(type pdf)
<use 04-cell_localisation_files/figure-pdf/unnamed-chunk-6-1.pdf>
[53]
File: 04-cell_localisation_files/figure-pdf/unnamed-chunk-7-1.pdf Graphic file 
(type pdf)
<use 04-cell_localisation_files/figure-pdf/unnamed-chunk-7-1.pdf>
[54]
Overfull \hbox (116.61734pt too wide) in paragraph at lines 2550--2550
[][]\TU/lmtt/m/n/10.95 sample_id[]s are duplicated across []SpatialExperiment[]
 objects to cbind; appending sample indices.[] 
 []

[55]
File: 04-cell_localisation_files/figure-pdf/unnamed-chunk-10-1.pdf Graphic file
 (type pdf)
<use 04-cell_localisation_files/figure-pdf/unnamed-chunk-10-1.pdf>
[56] [57] [58]
File: 04-cell_localisation_files/figure-pdf/unnamed-chunk-15-1.pdf Graphic file
 (type pdf)
<use 04-cell_localisation_files/figure-pdf/unnamed-chunk-15-1.pdf>
[59] [60] [61]
Overfull \hbox (1.64236pt too wide) in paragraph at lines 2896--2896
[]\TU/lmtt/m/n/10.95 [1] "dn_T_CD3"     "B_cell"       "CD4_T_cell"   "CD8_T_ce
ll"   "Other_Immune"[] 
 []

[62]
File: 04-cell_localisation_files/figure-pdf/image6-1.pdf Graphic file (type pdf
)
<use 04-cell_localisation_files/figure-pdf/image6-1.pdf>
[63] [64] [65]
File: 04-cell_localisation_files/figure-pdf/kontextCurve-1.pdf Graphic file (ty
pe pdf)
<use 04-cell_localisation_files/figure-pdf/kontextCurve-1.pdf>
[66]
Overfull \hbox (20.87723pt too wide) in paragraph at lines 3076--3082
\TU/lmr/m/n/10.95 Rather than specifying \TU/lmtt/m/n/10.95 to\TU/lmr/m/n/10.95
 , \TU/lmtt/m/n/10.95 from\TU/lmr/m/n/10.95 , and \TU/lmtt/m/n/10.95 parent \TU
/lmr/m/n/10.95 in \TU/lmtt/m/n/10.95 Kontextual\TU/lmr/m/n/10.95 , the output f
rom \TU/lmtt/m/n/10.95 parentCombinations
 []

[67] [68]
File: 04-cell_localisation_files/figure-pdf/unnamed-chunk-21-1.pdf Graphic file
 (type pdf)
<use 04-cell_localisation_files/figure-pdf/unnamed-chunk-21-1.pdf>
[69]
File: 04-cell_localisation_files/figure-pdf/unnamed-chunk-23-1.pdf Graphic file
 (type pdf)
<use 04-cell_localisation_files/figure-pdf/unnamed-chunk-23-1.pdf>
[70]
Overfull \hbox (116.61734pt too wide) in paragraph at lines 3402--3402
[]\TU/lmtt/m/n/10.95 LAPACK: /usr/lib/x86_64-linux-gnu/openblas-pthread/libopen
blasp-r0.3.21.so;  LAPACK version 3.11.0[] 
 []

[71] [72] [73] [74] [75]
chapter 5.
[76

]
Overfull \hbox (25.72153pt too wide) in paragraph at lines 3470--3473
\TU/lmr/m/n/10.95 We will start by reading in the data from the \TU/lmtt/m/n/10
.95 SpatialDatasets \TU/lmr/m/n/10.95 package as a \TU/lmtt/m/n/10.95 SingleCel
lExperiment
 []

[77]
File: 05-cellular_niches_files/figure-pdf/unnamed-chunk-5-1.pdf Graphic file (t
ype pdf)
<use 05-cellular_niches_files/figure-pdf/unnamed-chunk-5-1.pdf>
[78]
Overfull \hbox (145.36108pt too wide) in paragraph at lines 3579--3579
[]\TU/lmtt/m/n/10.95 Concave windows are temperamental. Try choosing values of 
window.length > and < 1 if you have problems.[] 
 []

File: 05-cellular_niches_files/figure-pdf/unnamed-chunk-6-1.pdf Graphic file (t
ype pdf)
<use 05-cellular_niches_files/figure-pdf/unnamed-chunk-6-1.pdf>

Overfull \hbox (10.96083pt too wide) in paragraph at lines 3581--3582
[][] 
 []

[79]
Overfull \hbox (116.61734pt too wide) in paragraph at lines 3688--3688
[]\TU/lmtt/m/n/10.95 LAPACK: /usr/lib/x86_64-linux-gnu/openblas-pthread/libopen
blasp-r0.3.21.so;  LAPACK version 3.11.0[] 
 []

[80] [81] [82] [83]
chapter 6.
[84

] [85] [86]
File: 06-changes_in_marker_expression_files/figure-pdf/unnamed-chunk-6-1.pdf Gr
aphic file (type pdf)
<use 06-changes_in_marker_expression_files/figure-pdf/unnamed-chunk-6-1.pdf>
[87]
File: 06-changes_in_marker_expression_files/figure-pdf/unnamed-chunk-6-2.pdf Gr
aphic file (type pdf)
<use 06-changes_in_marker_expression_files/figure-pdf/unnamed-chunk-6-2.pdf>
[88] [89]
File: 06-changes_in_marker_expression_files/figure-pdf/unnamed-chunk-8-1.pdf Gr
aphic file (type pdf)
<use 06-changes_in_marker_expression_files/figure-pdf/unnamed-chunk-8-1.pdf>
[90]
Overfull \hbox (47.63235pt too wide) in paragraph at lines 4002--4002
[]\TU/lmtt/m/n/10.95 Warning: Removed 1359 rows containing missing values or va
lues outside the scale range[] 
 []

File: 06-changes_in_marker_expression_files/figure-pdf/unnamed-chunk-8-2.pdf Gr
aphic file (type pdf)
<use 06-changes_in_marker_expression_files/figure-pdf/unnamed-chunk-8-2.pdf>
[91] [92]
File: 06-changes_in_marker_expression_files/figure-pdf/unnamed-chunk-10-1.pdf G
raphic file (type pdf)
<use 06-changes_in_marker_expression_files/figure-pdf/unnamed-chunk-10-1.pdf>
[93]
Overfull \hbox (36.13486pt too wide) in paragraph at lines 4090--4090
[]\TU/lmtt/m/n/10.95 Warning: Removed 26 rows containing missing values or valu
es outside the scale range[] 
 []

File: 06-changes_in_marker_expression_files/figure-pdf/unnamed-chunk-10-2.pdf G
raphic file (type pdf)
<use 06-changes_in_marker_expression_files/figure-pdf/unnamed-chunk-10-2.pdf>
[94] [95]
Overfull \hbox (1.64236pt too wide) in paragraph at lines 4144--4144
[]\TU/lmtt/m/n/10.95 Growing trees.. Progress: 30%. Estimated remaining time: 1
 minute, 12 seconds.[] 
 []

[96] [97]
File: 06-changes_in_marker_expression_files/figure-pdf/unnamed-chunk-12-1.pdf G
raphic file (type pdf)
<use 06-changes_in_marker_expression_files/figure-pdf/unnamed-chunk-12-1.pdf>

Overfull \hbox (59.12985pt too wide) in paragraph at lines 4262--4262
[]\TU/lmtt/m/n/10.95 Warning: Removed 371471 rows containing missing values or 
values outside the scale range[] 
 []

File: 06-changes_in_marker_expression_files/figure-pdf/unnamed-chunk-13-1.pdf G
raphic file (type pdf)
<use 06-changes_in_marker_expression_files/figure-pdf/unnamed-chunk-13-1.pdf>
[98] [99]
Overfull \hbox (18.88861pt too wide) in paragraph at lines 4307--4307
[]                                                                          \TU
/lmtt/m/n/10.95 cluster[] 
 []


Overfull \hbox (18.88858pt too wide) in paragraph at lines 4307--4307
[]\TU/lmtt/m/n/10.95 Keratin_Tumour__Mono_or_Neu__Pan.Keratin Keratin_Tumour__M
ono_or_Neu__Pan.Keratin[] 
 []


Overfull \hbox (18.88858pt too wide) in paragraph at lines 4307--4307
[]\TU/lmtt/m/n/10.95 Macrophages__Keratin_Tumour__HLA_Class_1 Macrophages__Kera
tin_Tumour__HLA_Class_1[] 
 []


Overfull \hbox (18.88858pt too wide) in paragraph at lines 4307--4307
[]\TU/lmtt/m/n/10.95 Keratin_Tumour__CD8_T_cell__Keratin6         Keratin_Tumou
r__CD8_T_cell__Keratin6[] 
 []


Overfull \hbox (18.88858pt too wide) in paragraph at lines 4307--4307
[]\TU/lmtt/m/n/10.95 Macrophages__Other_Immune__HLA_Class_1     Macrophages__Ot
her_Immune__HLA_Class_1[] 
 []


Overfull \hbox (18.88861pt too wide) in paragraph at lines 4307--4307
[]\TU/lmtt/m/n/10.95 Keratin_Tumour__Mesenchymal__dsDNA             Keratin_Tum
our__Mesenchymal__dsDNA[] 
 []


Overfull \hbox (18.88858pt too wide) in paragraph at lines 4307--4307
[]\TU/lmtt/m/n/10.95 Keratin_Tumour__Unidentified__H3K27me3     Keratin_Tumour_
_Unidentified__H3K27me3[] 
 []

File: 06-changes_in_marker_expression_files/figure-pdf/unnamed-chunk-15-1.pdf G
raphic file (type pdf)
<use 06-changes_in_marker_expression_files/figure-pdf/unnamed-chunk-15-1.pdf>
[100]
Overfull \hbox (116.61734pt too wide) in paragraph at lines 4477--4477
[]\TU/lmtt/m/n/10.95 LAPACK: /usr/lib/x86_64-linux-gnu/openblas-pthread/libopen
blasp-r0.3.21.so;  LAPACK version 3.11.0[] 
 []

[101] [102] [103] [104]
chapter 7.
[105

] [106]
chapter 8.
[107

]
Overfull \hbox (21.04802pt too wide) in paragraph at lines 4634--4642
\TU/lmtt/m/n/10.95 spicyWorkflow \TU/lmr/m/n/10.95 folder where the \TU/lmtt/m/
n/10.95 spicyWorkflow \TU/lmr/m/n/10.95 package is installed, under \TU/lmtt/m/
n/10.95 inst/extdata/images\TU/lmr/m/n/10.95 .
 []

[108] [109] [110]
File: 08-case_study1_files/figure-pdf/visualise segmentation-1.pdf Graphic file
 (type pdf)
<use 08-case_study1_files/figure-pdf/visualise segmentation-1.pdf>
[111]
File: 08-case_study1_files/figure-pdf/unnamed-chunk-5-1.pdf Graphic file (type 
pdf)
<use 08-case_study1_files/figure-pdf/unnamed-chunk-5-1.pdf>
[112]
File: 08-case_study1_files/figure-pdf/unnamed-chunk-6-1.pdf Graphic file (type 
pdf)
<use 08-case_study1_files/figure-pdf/unnamed-chunk-6-1.pdf>
[113] [114] [115]
File: 08-case_study1_files/figure-pdf/unnamed-chunk-12-1.pdf Graphic file (type
 pdf)
<use 08-case_study1_files/figure-pdf/unnamed-chunk-12-1.pdf>
[116]
File: 08-case_study1_files/figure-pdf/unnamed-chunk-13-1.pdf Graphic file (type
 pdf)
<use 08-case_study1_files/figure-pdf/unnamed-chunk-13-1.pdf>
[117] [118]
File: 08-case_study1_files/figure-pdf/unnamed-chunk-14-1.pdf Graphic file (type
 pdf)
<use 08-case_study1_files/figure-pdf/unnamed-chunk-14-1.pdf>
[119]
File: 08-case_study1_files/figure-pdf/unnamed-chunk-15-1.pdf Graphic file (type
 pdf)
<use 08-case_study1_files/figure-pdf/unnamed-chunk-15-1.pdf>
[120]
Overfull \hbox (3.22145pt too wide) in paragraph at lines 5197--5205
[]\TU/lmr/m/n/10.95 We can also observe how reasonable our choice of \TU/lmtt/m
/n/10.95 k = 10 \TU/lmr/m/n/10.95 was, using the \TU/lmtt/m/n/10.95 estimateNum
Cluster()
 []

[121]
File: 08-case_study1_files/figure-pdf/unnamed-chunk-16-1.pdf Graphic file (type
 pdf)
<use 08-case_study1_files/figure-pdf/unnamed-chunk-16-1.pdf>
[122]
File: 08-case_study1_files/figure-pdf/unnamed-chunk-17-1.pdf Graphic file (type
 pdf)
<use 08-case_study1_files/figure-pdf/unnamed-chunk-17-1.pdf>
[123]
File: 08-case_study1_files/figure-pdf/unnamed-chunk-19-1.pdf Graphic file (type
 pdf)
<use 08-case_study1_files/figure-pdf/unnamed-chunk-19-1.pdf>
[124] [125]
File: 08-case_study1_files/figure-pdf/unnamed-chunk-21-1.pdf Graphic file (type
 pdf)
<use 08-case_study1_files/figure-pdf/unnamed-chunk-21-1.pdf>
[126]
File: 08-case_study1_files/figure-pdf/unnamed-chunk-24-1.pdf Graphic file (type
 pdf)
<use 08-case_study1_files/figure-pdf/unnamed-chunk-24-1.pdf>
[127] [128]
Overfull \hbox (1.64236pt too wide) in paragraph at lines 5494--5494
[]\TU/lmtt/m/n/10.95 and change the order of levels(cells$group) so that the ba
se group is at index[] 
 []

File: 08-case_study1_files/figure-pdf/unnamed-chunk-27-1.pdf Graphic file (type
 pdf)
<use 08-case_study1_files/figure-pdf/unnamed-chunk-27-1.pdf>
[129]
File: 08-case_study1_files/figure-pdf/unnamed-chunk-28-1.pdf Graphic file (type
 pdf)
<use 08-case_study1_files/figure-pdf/unnamed-chunk-28-1.pdf>
[130]
File: 08-case_study1_files/figure-pdf/unnamed-chunk-29-1.pdf Graphic file (type
 pdf)
<use 08-case_study1_files/figure-pdf/unnamed-chunk-29-1.pdf>

Overfull \hbox (370.4492pt too wide) in paragraph at lines 5569--5577
\TU/lmr/m/n/10.95 Our lisaClust package (https://www.bioconductor.org/packages/
devel/bioc/html/lisaClust.html)[https://www.bioconductor.org/packages/devel/bio
c/html/lisaClust.html]
 []

[131]
File: 08-case_study1_files/figure-pdf/unnamed-chunk-31-1.pdf Graphic file (type
 pdf)
<use 08-case_study1_files/figure-pdf/unnamed-chunk-31-1.pdf>
[132]
File: 08-case_study1_files/figure-pdf/unnamed-chunk-32-1.pdf Graphic file (type
 pdf)
<use 08-case_study1_files/figure-pdf/unnamed-chunk-32-1.pdf>
[133]
Overfull \hbox (145.36108pt too wide) in paragraph at lines 5653--5653
[]\TU/lmtt/m/n/10.95 Concave windows are temperamental. Try choosing values of 
window.length > and < 1 if you have problems.[] 
 []

File: 08-case_study1_files/figure-pdf/unnamed-chunk-33-1.pdf Graphic file (type
 pdf)
<use 08-case_study1_files/figure-pdf/unnamed-chunk-33-1.pdf>
[134]
Overfull \hbox (2.16794pt too wide) in paragraph at lines 5691--5698
\TU/lmr/m/n/10.95 Our Statial package (https://www.bioconductor.org/packages/re
lease/bioc/html/Statial.html)
 []

[135] [136]
File: 08-case_study1_files/figure-pdf/unnamed-chunk-36-1.pdf Graphic file (type
 pdf)
<use 08-case_study1_files/figure-pdf/unnamed-chunk-36-1.pdf>
File: 08-case_study1_files/figure-pdf/unnamed-chunk-36-2.pdf Graphic file (type
 pdf)
<use 08-case_study1_files/figure-pdf/unnamed-chunk-36-2.pdf>
[137]
Overfull \hbox (1.64236pt too wide) in paragraph at lines 5821--5821
[]      \TU/lmtt/m/n/10.95 imageID primaryCellType otherCellType     marker    
      coef      tval[] 
 []


Overfull \hbox (1.64236pt too wide) in paragraph at lines 5821--5821
[]\TU/lmtt/m/n/10.95 51990      F3              SC            EP podoplanin -0.
0006911103 -16.90036[] 
 []


Overfull \hbox (1.64236pt too wide) in paragraph at lines 5821--5821
[]\TU/lmtt/m/n/10.95 23703      F3              EP            GC      CXCR3  0.
0012103305  15.04988[] 
 []


Overfull \hbox (1.64236pt too wide) in paragraph at lines 5821--5821
[]\TU/lmtt/m/n/10.95 23704      F3              EP            GC     pSTAT3  0.
0012299816  14.79933[] 
 []


Overfull \hbox (1.64236pt too wide) in paragraph at lines 5821--5821
[]\TU/lmtt/m/n/10.95 51978      F3              SC            GC       PDL2  0.
0008802428  13.12601[] 
 []


Overfull \hbox (1.64236pt too wide) in paragraph at lines 5821--5821
[]\TU/lmtt/m/n/10.95 23669      F3              EP            MC       CCR7  0.
0011476888  13.32900[] 
 []


Overfull \hbox (1.64236pt too wide) in paragraph at lines 5821--5821
[]\TU/lmtt/m/n/10.95 23595      F3              EP        TC_CD8      CXCR3  0.
0016741880  12.95156[] 
 []


Overfull \hbox (1.64236pt too wide) in paragraph at lines 5821--5821
[]\TU/lmtt/m/n/10.95 51981      F3              SC            GC       ICOS  0.
0005186181  11.75830[] 
 []

[138]
Overfull \hbox (1.64236pt too wide) in paragraph at lines 5821--5821
[]\TU/lmtt/m/n/10.95 23696      F3              EP            GC      CADM1  0.
0011398625  12.18028[] 
 []


Overfull \hbox (1.64236pt too wide) in paragraph at lines 5821--5821
[]\TU/lmtt/m/n/10.95 11426      F3              EC            GC       CD31  0.
0010070252  12.40866[] 
 []


Overfull \hbox (1.64236pt too wide) in paragraph at lines 5821--5821
[]\TU/lmtt/m/n/10.95 23650      F3              EP            EC       TIM3  0.
0033539928  12.05028[] 
 []

[139] [140]
File: 08-case_study1_files/figure-pdf/unnamed-chunk-39-1.pdf Graphic file (type
 pdf)
<use 08-case_study1_files/figure-pdf/unnamed-chunk-39-1.pdf>
[141] [142] [143]
File: 08-case_study1_files/figure-pdf/unnamed-chunk-44-1.pdf Graphic file (type
 pdf)
<use 08-case_study1_files/figure-pdf/unnamed-chunk-44-1.pdf>

Overfull \hbox (30.38611pt too wide) in paragraph at lines 6102--6102
[]\TU/lmtt/m/n/10.95 Warning: Removed 2 rows containing missing values or value
s outside the scale range[] 
 []

[144]
File: 08-case_study1_files/figure-pdf/unnamed-chunk-45-1.pdf Graphic file (type
 pdf)
<use 08-case_study1_files/figure-pdf/unnamed-chunk-45-1.pdf>
[145]
Overfull \hbox (116.61734pt too wide) in paragraph at lines 6284--6284
[]\TU/lmtt/m/n/10.95 LAPACK: /usr/lib/x86_64-linux-gnu/openblas-pthread/libopen
blasp-r0.3.21.so;  LAPACK version 3.11.0[] 
 []

[146] [147] [148] [149]

! LaTeX Error: Something's wrong--perhaps a missing \item.

See the LaTeX manual or LaTeX Companion for explanation.
Type  H <return>  for immediate help.
 ...                                              
                                                  
l.6295 \end{CSLReferences}
                           
Here is how much of TeX's memory you used:
 24727 strings out of 474773
 498750 string characters out of 5756834
 1936839 words of memory out of 5000000
 46524 multiletter control sequences out of 15000+600000
 564532 words of font info for 90 fonts, out of 8000000 for 9000
 1348 hyphenation exceptions out of 8191
 108i,8n,121p,10900b,684s stack positions out of 10000i,1000n,20000p,200000b,200000s

Output written on index.pdf (149 pages).
